Building DAG of jobs...
Using shell: /bin/bash
Provided cores: 1 (use --cores to define parallelism)
Rules claiming more threads will be scaled down.
Job stats:
job                                    count    min threads    max threads
-----------------------------------  -------  -------------  -------------
CLASS_country                              1              1              1
CLASS_type                                 1              1              1
all                                        1              1              1
get_HT_cleaned_author_df                   1              1              1
get_gscholar_data                          1              1              1
get_ht_cleaned_paper_df                    1              1              1
get_wos_id                                 1              1              1
plot_data_author_chord_diagram_data        1              1              1
plot_sankey_data                           1              1              1
plot_top_concepts_trends                   1              1              1
plot_vis_concepts_cooccurance_data         1              1              1
total                                     11              1              1

Select jobs to execute...

[Mon Jun 20 11:32:17 2022]
rule get_gscholar_data:
    input: ../data/processed/papers_to_study.txt, ../data/processed/ieee_paper_df.csv
    output: ../data/processed/gscholar_data.csv
    jobid: 12
    priority: 9
    resources: tmpdir=/var/folders/z2/5kr96fyn63z_tj_bwr33t5dw0000gn/T

[Mon Jun 20 12:04:42 2022]
Finished job 12.
1 of 11 steps (9%) done
Select jobs to execute...

[Mon Jun 20 12:04:42 2022]
rule get_wos_id:
    input: ../data/processed/vispd_plus_good_papers.txt
    output: ../data/interim/methods_reporting/wos_id.csv
    jobid: 14
    priority: 7
    resources: tmpdir=/var/folders/z2/5kr96fyn63z_tj_bwr33t5dw0000gn/T

[Mon Jun 20 16:45:17 2022]
Finished job 14.
2 of 11 steps (18%) done
Select jobs to execute...

[Mon Jun 20 16:45:17 2022]
rule plot_sankey_data:
    input: ../data/processed/vispubdata_plus.csv, ../data/processed/openalex_concept_df.csv, ../data/processed/large/openalex_reference_concept_df.csv, ../data/processed/large/openalex_citation_concept_df.csv
    output: ../data/plots/sankey/sankey_aggregated_df.csv, ../data/plots/sankey/sankey_ts_df.csv
    jobid: 21
    resources: tmpdir=/var/folders/z2/5kr96fyn63z_tj_bwr33t5dw0000gn/T

[Mon Jun 20 16:54:28 2022]
Finished job 21.
3 of 11 steps (27%) done
Select jobs to execute...

[Mon Jun 20 16:54:28 2022]
rule CLASS_type:
    input: ../data/processed/large/openalex_citation_author_df.csv, ../data/processed/openalex_reference_author_df_unique.csv, ../data/interim/openalex_author_df.csv, ../data/processed/merged_author_df.csv
    output: ../data/ht_class/merged_aff_type_predicted.csv
    jobid: 18
    resources: tmpdir=/var/folders/z2/5kr96fyn63z_tj_bwr33t5dw0000gn/T

[Mon Jun 20 16:55:28 2022]
Finished job 18.
4 of 11 steps (36%) done
Select jobs to execute...

[Mon Jun 20 16:55:28 2022]
rule CLASS_country:
    input: ../data/processed/large/openalex_citation_author_df.csv, ../data/processed/openalex_reference_author_df_unique.csv, ../data/interim/openalex_author_df.csv, ../data/processed/merged_author_df.csv
    output: ../data/ht_class/merged_country_predicted.csv
    jobid: 17
    resources: tmpdir=/var/folders/z2/5kr96fyn63z_tj_bwr33t5dw0000gn/T

[Mon Jun 20 16:58:13 2022]
Finished job 17.
5 of 11 steps (45%) done
Select jobs to execute...

[Mon Jun 20 16:58:13 2022]
rule plot_top_concepts_trends:
    input: ../data/processed/openalex_paper_df.csv, ../data/processed/openalex_concept_df.csv
    output: ../data/plots/top_concepts_trends_df.csv
    jobid: 20
    resources: tmpdir=/var/folders/z2/5kr96fyn63z_tj_bwr33t5dw0000gn/T

[Mon Jun 20 16:58:16 2022]
Finished job 20.
6 of 11 steps (55%) done
Select jobs to execute...

[Mon Jun 20 16:58:16 2022]
rule plot_vis_concepts_cooccurance_data:
    input: ../data/processed/openalex_concept_df.csv
    output: ../data/plots/co_occurrance/aggregated_cooccurance_df.csv, ../data/plots/co_occurrance/ts_aggregated_cooccurance_df.csv
    jobid: 19
    resources: tmpdir=/var/folders/z2/5kr96fyn63z_tj_bwr33t5dw0000gn/T

[Mon Jun 20 16:58:21 2022]
Finished job 19.
7 of 11 steps (64%) done
Select jobs to execute...

[Mon Jun 20 16:58:21 2022]
rule get_HT_cleaned_author_df:
    input: ../data/ht_class/merged_country_predicted.csv, ../data/ht_class/merged_aff_type_predicted.csv
    output: ../data/ht_class/ht_cleaned_author_df.csv
    jobid: 16
    resources: tmpdir=/var/folders/z2/5kr96fyn63z_tj_bwr33t5dw0000gn/T

[Mon Jun 20 16:58:23 2022]
Finished job 16.
8 of 11 steps (73%) done
Select jobs to execute...

[Mon Jun 20 16:58:23 2022]
rule get_ht_cleaned_paper_df:
    input: ../data/processed/papers_to_study.txt, ../data/processed/vispubdata_plus.csv, ../data/processed/openalex_paper_df.csv, ../data/ht_class/ht_cleaned_author_df.csv, ../data/processed/gscholar_data.csv, ../data/interim/award_paper_df.csv
    output: ../data/ht_class/ht_cleaned_paper_df.csv
    jobid: 22
    resources: tmpdir=/var/folders/z2/5kr96fyn63z_tj_bwr33t5dw0000gn/T

[Mon Jun 20 16:58:34 2022]
Finished job 22.
9 of 11 steps (82%) done
Select jobs to execute...

[Mon Jun 20 16:58:34 2022]
rule plot_data_author_chord_diagram_data:
    input: ../data/ht_class/ht_cleaned_author_df.csv
    output: ../data/plots/author_cord/author_chord_df.csv, ../data/plots/author_cord/ts_author_chord_df.csv
    jobid: 15
    resources: tmpdir=/var/folders/z2/5kr96fyn63z_tj_bwr33t5dw0000gn/T

[Mon Jun 20 16:58:35 2022]
Finished job 15.
10 of 11 steps (91%) done
Select jobs to execute...

[Mon Jun 20 16:58:35 2022]
localrule all:
    input: ../data/processed/titles_2021.csv, ../data/processed/dois_2021.csv, ../data/processed/vispubdata_plus.csv, ../data/processed/vispd_plus_good_papers.txt, ../data/interim/vispd_openalex_match_1.csv, ../data/interim/checking/title_query_empty_doi_query_404_1.txt, ../data/interim/checking/title_query_404_1.txt, ../data/interim/checking/title_query_empty_doi_query_404_2.txt, ../data/interim/checking/title_query_404_2.txt, ../data/interim/checking/doi_query_404_2.txt, ../data/processed/papers_to_study.txt, ../data/processed/openalex_paper_df.csv, ../data/interim/openalex_author_df.csv, ../data/processed/openalex_concept_df.csv, ../data/processed/openalex_reference_df.csv, ../data/interim/checking/title_query_empty_doi_query_404_dfs.txt, ../data/interim/checking/title_query_404_dfs.txt, ../data/interim/checking/doi_query_404_dfs.txt, ../data/processed/large/openalex_citation_author_df.csv, ../data/processed/large/openalex_citation_concept_df.csv, ../data/processed/openalex_citation_paper_df.csv, ../data/processed/ieee_paper_df.csv, ../data/interim/ieee_author_df.csv, ../data/interim/checking/ieee_scraping_problem_dois.txt, ../data/processed/merged_author_df.csv, ../data/processed/openalex_reference_paper_df.csv, ../data/processed/large/openalex_reference_author_df.csv, ../data/processed/large/openalex_reference_concept_df.csv, ../data/processed/openalex_reference_paper_df_unique.csv, ../data/processed/openalex_reference_author_df_unique.csv, ../data/processed/openalex_reference_concept_df_unique.csv, ../data/processed/gscholar_data.csv, ../data/interim/award_paper_df.csv, ../data/interim/methods_reporting/wos_id.csv, ../data/plots/author_cord/author_chord_df.csv, ../data/plots/author_cord/ts_author_chord_df.csv, ../data/plots/co_occurrance/aggregated_cooccurance_df.csv, ../data/plots/co_occurrance/ts_aggregated_cooccurance_df.csv, ../data/plots/top_concepts_trends_df.csv, ../data/plots/sankey/sankey_aggregated_df.csv, ../data/plots/sankey/sankey_ts_df.csv, ../data/ht_class/merged_country_predicted.csv, ../data/ht_class/merged_aff_type_predicted.csv, ../data/ht_class/ht_cleaned_author_df.csv, ../data/ht_class/ht_cleaned_paper_df.csv
    jobid: 0
    resources: tmpdir=/var/folders/z2/5kr96fyn63z_tj_bwr33t5dw0000gn/T

[Mon Jun 20 16:58:35 2022]
Finished job 0.
11 of 11 steps (100%) done
Complete log: /Users/hongtaoh/Desktop/github/32visNEW/workflow/.snakemake/log/2022-06-20T113216.375552.snakemake.log
