Building DAG of jobs...
Using shell: /bin/bash
Provided cores: 1 (use --cores to define parallelism)
Rules claiming more threads will be scaled down.
Job stats:
job                           count    min threads    max threads
--------------------------  -------  -------------  -------------
all                               1              1              1
get_vispd_good_papers             1              1              1
get_vispd_openalex_match_1        1              1              1
total                             3              1              1

Select jobs to execute...

[Tue Jan 18 11:58:37 2022]
rule get_vispd_good_papers:
    input: ../data/raw/vispubdata.csv
    output: ../data/processed/vispd_good_papers.txt
    jobid: 1
    resources: tmpdir=/var/folders/z2/5kr96fyn63z_tj_bwr33t5dw0000gn/T

[Tue Jan 18 11:58:40 2022]
Error in rule get_vispd_good_papers:
    jobid: 1
    output: ../data/processed/vispd_good_papers.txt
    shell:
        python scripts/get_vispd_good_papers.py ../data/raw/vispubdata.csv ../data/processed/vispd_good_papers.txt
        (one of the commands exited with non-zero exit code; note that snakemake uses bash strict mode!)

Shutting down, this might take some time.
Exiting because a job execution failed. Look above for error message
Complete log: /Users/hongtaoh/Desktop/github/31vis/workflow/.snakemake/log/2022-01-18T115836.964339.snakemake.log
