Building DAG of jobs...
Using shell: /bin/bash
Provided cores: 1 (use --cores to define parallelism)
Rules claiming more threads will be scaled down.
Job stats:
job              count    min threads    max threads
-------------  -------  -------------  -------------
all                  1              1              1
get_good_dois        1              1              1
total                2              1              1

Select jobs to execute...

[Thu Jan 13 10:20:31 2022]
rule get_good_dois:
    input: ../data/raw/vispubdata.csv
    output: ../data/processed/good_dois.txt
    jobid: 3
    resources: tmpdir=/var/folders/z2/5kr96fyn63z_tj_bwr33t5dw0000gn/T

[Thu Jan 13 10:20:36 2022]
Error in rule get_good_dois:
    jobid: 3
    output: ../data/processed/good_dois.txt
    shell:
        python scripts/get_good_dois.py ../data/raw/vispubdata.csv ../data/processed/good_dois.txt
        (one of the commands exited with non-zero exit code; note that snakemake uses bash strict mode!)

Shutting down, this might take some time.
Exiting because a job execution failed. Look above for error message
Complete log: /Users/hongtaoh/Desktop/github/31vis/workflow/.snakemake/log/2022-01-13T102030.905340.snakemake.log
