Building DAG of jobs...
Using shell: /bin/bash
Provided cores: 1 (use --cores to define parallelism)
Rules claiming more threads will be scaled down.
Job stats:
job                                    count    min threads    max threads
-----------------------------------  -------  -------------  -------------
CLASS_country                              1              1              1
CLASS_type                                 1              1              1
all                                        1              1              1
get_HT_cleaned_author_df                   1              1              1
get_dois_2021                              1              1              1
get_gscholar_data                          1              1              1
get_ht_cleaned_paper_df                    1              1              1
get_ieee_author_and_paper_title            1              1              1
get_merged_author_df                       1              1              1
get_openalex_citation_dfs                  1              1              1
get_openalex_dfs                           1              1              1
get_openalex_reference_dfs                 1              1              1
get_papers_to_study                        1              1              1
get_titles_2021                            1              1              1
get_vispd_openalex_match_1                 1              1              1
get_vispd_openalex_match_2                 1              1              1
get_vispd_plus_good_papers                 1              1              1
get_wos_id                                 1              1              1
plot_data_author_chord_diagram_data        1              1              1
plot_sankey_data                           1              1              1
plot_top_concepts_trends                   1              1              1
plot_vis_concepts_cooccurance_data         1              1              1
scrape_award_papers                        1              1              1
total                                     23              1              1

Select jobs to execute...

[Thu Jun 23 22:23:55 2022]
rule get_titles_2021:
    output: ../data/processed/titles_2021.csv
    jobid: 1
    priority: 99
    resources: tmpdir=/var/folders/z2/5kr96fyn63z_tj_bwr33t5dw0000gn/T

[Thu Jun 23 22:24:00 2022]
Finished job 1.
1 of 23 steps (4%) done
Select jobs to execute...

[Thu Jun 23 22:24:00 2022]
rule get_dois_2021:
    input: ../data/processed/titles_2021.csv, ../data/raw/vispubdata.csv
    output: ../data/processed/dois_2021.csv, ../data/processed/vispubdata_plus.csv
    jobid: 2
    priority: 90
    resources: tmpdir=/var/folders/z2/5kr96fyn63z_tj_bwr33t5dw0000gn/T

[Thu Jun 23 22:27:17 2022]
Finished job 2.
2 of 23 steps (9%) done
Select jobs to execute...

[Thu Jun 23 22:27:17 2022]
rule get_vispd_plus_good_papers:
    input: ../data/processed/vispubdata_plus.csv
    output: ../data/processed/vispd_plus_good_papers.txt
    jobid: 3
    priority: 80
    resources: tmpdir=/var/folders/z2/5kr96fyn63z_tj_bwr33t5dw0000gn/T

[Thu Jun 23 22:27:20 2022]
Finished job 3.
3 of 23 steps (13%) done
Select jobs to execute...

[Thu Jun 23 22:27:20 2022]
rule get_vispd_openalex_match_1:
    input: ../data/processed/vispd_plus_good_papers.txt, ../data/processed/vispubdata_plus.csv
    output: ../data/interim/vispd_openalex_match_1.csv, ../data/interim/checking/title_query_empty_doi_query_404_1.txt, ../data/interim/checking/title_query_404_1.txt
    jobid: 4
    priority: 70
    resources: tmpdir=/var/folders/z2/5kr96fyn63z_tj_bwr33t5dw0000gn/T

Terminating processes on user request, this might take some time.
[Thu Jun 23 22:27:29 2022]
Error in rule get_vispd_openalex_match_1:
    jobid: 4
    output: ../data/interim/vispd_openalex_match_1.csv, ../data/interim/checking/title_query_empty_doi_query_404_1.txt, ../data/interim/checking/title_query_404_1.txt
    shell:
        python scripts/get_vispd_openalex_match_1.py ../data/processed/vispd_plus_good_papers.txt ../data/processed/vispubdata_plus.csv ../data/interim/vispd_openalex_match_1.csv ../data/interim/checking/title_query_empty_doi_query_404_1.txt ../data/interim/checking/title_query_404_1.txt
        (one of the commands exited with non-zero exit code; note that snakemake uses bash strict mode!)

Complete log: /Users/hongtaoh/Desktop/github/32visNEW/workflow/.snakemake/log/2022-06-23T222354.523372.snakemake.log
