Building DAG of jobs...
Using shell: /bin/bash
Provided cores: 1 (use --cores to define parallelism)
Rules claiming more threads will be scaled down.
Job stats:
job                                    count    min threads    max threads
-----------------------------------  -------  -------------  -------------
CLASS_type                                 1              1              1
all                                        1              1              1
get_HT_cleaned_author_df                   1              1              1
get_ht_cleaned_paper_df                    1              1              1
plot_data_author_chord_diagram_data        1              1              1
total                                      5              1              1

Select jobs to execute...

[Sat Jun 25 10:10:36 2022]
rule CLASS_type:
    input: ../data/processed/large/openalex_citation_author_df.csv, ../data/processed/openalex_reference_author_df_unique.csv, ../data/interim/openalex_author_df.csv, ../data/processed/merged_author_df.csv
    output: ../data/ht_class/merged_aff_type_predicted.csv, ../data/ht_class/aff_type_classification_report.txt
    jobid: 17
    resources: tmpdir=/var/folders/z2/5kr96fyn63z_tj_bwr33t5dw0000gn/T

[Sat Jun 25 10:11:31 2022]
Error in rule CLASS_type:
    jobid: 17
    output: ../data/ht_class/merged_aff_type_predicted.csv, ../data/ht_class/aff_type_classification_report.txt
    shell:
        python scripts/CLASS_type.py ../data/processed/large/openalex_citation_author_df.csv ../data/processed/openalex_reference_author_df_unique.csv ../data/interim/openalex_author_df.csv ../data/processed/merged_author_df.csv ../data/ht_class/merged_aff_type_predicted.csv ../data/ht_class/aff_type_classification_report.txt
        (one of the commands exited with non-zero exit code; note that snakemake uses bash strict mode!)

Removing output files of failed job CLASS_type since they might be corrupted:
../data/ht_class/aff_type_classification_report.txt
Shutting down, this might take some time.
Exiting because a job execution failed. Look above for error message
Complete log: /Users/hongtaoh/Desktop/github/32visNEW/workflow/.snakemake/log/2022-06-25T101035.829255.snakemake.log
