Building DAG of jobs...
Using shell: /bin/bash
Provided cores: 1 (use --cores to define parallelism)
Rules claiming more threads will be scaled down.
Job stats:
job                           count    min threads    max threads
--------------------------  -------  -------------  -------------
all                               1              1              1
get_openalex_author_df            1              1              1
get_openalex_citation_dfs         1              1              1
get_openalex_concept_df           1              1              1
get_vispd_openalex_match_2        1              1              1
total                             5              1              1

Select jobs to execute...

[Tue Jan 25 10:15:47 2022]
rule get_openalex_author_df:
    input: ../data/processed/vispd_good_papers.txt, ../data/raw/vispubdata.csv
    output: ../data/processed/openalex_author_df.csv, ../data/interim/no_result_bad_doi_openalex_author_df.txt, ../data/interim/no_matching_doi_openalex_author_df.txt
    jobid: 5
    resources: tmpdir=/var/folders/z2/5kr96fyn63z_tj_bwr33t5dw0000gn/T

[Tue Jan 25 10:58:03 2022]
Finished job 5.
1 of 5 steps (20%) done
Select jobs to execute...

[Tue Jan 25 10:58:03 2022]
rule get_openalex_concept_df:
    input: ../data/processed/vispd_good_papers.txt, ../data/raw/vispubdata.csv
    output: ../data/processed/openalex_concept_df.csv, ../data/interim/no_result_bad_doi_openalex_cocept_df.txt, ../data/interim/no_matching_doi_openalex_concept_df.txt
    jobid: 6
    resources: tmpdir=/var/folders/z2/5kr96fyn63z_tj_bwr33t5dw0000gn/T

[Tue Jan 25 11:39:40 2022]
Finished job 6.
2 of 5 steps (40%) done
Select jobs to execute...

[Tue Jan 25 11:39:40 2022]
rule get_vispd_openalex_match_2:
    input: ../data/processed/vispd_good_papers.txt, ../data/raw/vispubdata.csv
    output: ../data/interim/vispd_openalex_match_2.csv, ../data/interim/no_result_bad_doi_openalex_2.txt, ../data/interim/no_matching_doi_openalex_2.txt
    jobid: 4
    resources: tmpdir=/var/folders/z2/5kr96fyn63z_tj_bwr33t5dw0000gn/T

[Tue Jan 25 12:25:43 2022]
Finished job 4.
3 of 5 steps (60%) done
Select jobs to execute...

[Tue Jan 25 12:25:43 2022]
rule get_openalex_citation_dfs:
    input: ../data/interim/vispd_openalex_match_2.csv
    output: ../data/processed/openalex_citation_author_df.csv, ../data/processed/openalex_citation_concept_df.csv, ../data/processed/openalex_citation_paper_df.csv
    jobid: 7
    resources: tmpdir=/var/folders/z2/5kr96fyn63z_tj_bwr33t5dw0000gn/T

[Tue Jan 25 12:26:12 2022]
Error in rule get_openalex_citation_dfs:
    jobid: 7
    output: ../data/processed/openalex_citation_author_df.csv, ../data/processed/openalex_citation_concept_df.csv, ../data/processed/openalex_citation_paper_df.csv
    shell:
        python scripts/get_openalex_citation_dfs.py ../data/interim/vispd_openalex_match_2.csv ../data/processed/openalex_citation_author_df.csv ../data/processed/openalex_citation_concept_df.csv ../data/processed/openalex_citation_paper_df.csv
        (one of the commands exited with non-zero exit code; note that snakemake uses bash strict mode!)

Shutting down, this might take some time.
Exiting because a job execution failed. Look above for error message
Complete log: /Users/hongtaoh/Desktop/github/31vis/workflow/.snakemake/log/2022-01-25T101547.156908.snakemake.log
