Building DAG of jobs...
Using shell: /bin/bash
Provided cores: 1 (use --cores to define parallelism)
Rules claiming more threads will be scaled down.
Job stats:
job                                    count    min threads    max threads
-----------------------------------  -------  -------------  -------------
CLASS_country                              1              1              1
CLASS_type                                 1              1              1
all                                        1              1              1
get_HT_cleaned_author_df                   1              1              1
get_gscholar_data                          1              1              1
get_ht_cleaned_paper_df                    1              1              1
get_ieee_author_and_paper_title            1              1              1
get_merged_author_df                       1              1              1
get_openalex_citation_dfs                  1              1              1
get_openalex_dfs                           1              1              1
get_openalex_reference_dfs                 1              1              1
plot_data_author_chord_diagram_data        1              1              1
plot_sankey_data                           1              1              1
plot_top_concepts_trends                   1              1              1
plot_vis_concepts_cooccurance_data         1              1              1
scrape_award_papers                        1              1              1
total                                     16              1              1

Select jobs to execute...

[Sun Jun 12 17:13:16 2022]
rule get_openalex_dfs:
    input: ../data/processed/papers_to_study.txt, ../data/processed/vispubdata_plus.csv
    output: ../data/processed/openalex_paper_df.csv, ../data/interim/openalex_author_df.csv, ../data/processed/openalex_concept_df.csv, ../data/processed/openalex_reference_df.csv, ../data/interim/checking/title_query_empty_doi_query_404_dfs.txt, ../data/interim/checking/title_query_404_dfs.txt, ../data/interim/checking/doi_query_404_dfs.txt
    jobid: 7
    priority: 40
    resources: tmpdir=/var/folders/z2/5kr96fyn63z_tj_bwr33t5dw0000gn/T

[Sun Jun 12 17:51:41 2022]
Finished job 7.
1 of 16 steps (6%) done
Select jobs to execute...

[Sun Jun 12 17:51:42 2022]
rule get_openalex_citation_dfs:
    input: ../data/processed/openalex_paper_df.csv
    output: ../data/processed/large/openalex_citation_author_df.csv, ../data/processed/large/openalex_citation_concept_df.csv, ../data/processed/openalex_citation_paper_df.csv
    jobid: 8
    priority: 30
    resources: tmpdir=/var/folders/z2/5kr96fyn63z_tj_bwr33t5dw0000gn/T

[Sun Jun 12 19:47:13 2022]
Finished job 8.
2 of 16 steps (12%) done
Select jobs to execute...

[Sun Jun 12 19:47:13 2022]
rule get_ieee_author_and_paper_title:
    input: ../data/processed/papers_to_study.txt, ../data/processed/vispubdata_plus.csv
    output: ../data/interim/ieee_author_df.csv, ../data/processed/ieee_paper_df.csv, ../data/interim/checking/ieee_scraping_problem_dois.txt
    jobid: 9
    priority: 20
    resources: tmpdir=/var/folders/z2/5kr96fyn63z_tj_bwr33t5dw0000gn/T

[Sun Jun 12 20:47:18 2022]
Finished job 9.
3 of 16 steps (19%) done
Select jobs to execute...

[Sun Jun 12 20:47:18 2022]
rule get_merged_author_df:
    input: ../data/interim/ieee_author_df.csv, ../data/interim/openalex_author_df.csv, ../data/processed/papers_to_study.txt, ../data/raw/vispubdata.csv
    output: ../data/processed/merged_author_df.csv
    jobid: 10
    priority: 19
    resources: tmpdir=/var/folders/z2/5kr96fyn63z_tj_bwr33t5dw0000gn/T

[Sun Jun 12 20:47:54 2022]
Error in rule get_merged_author_df:
    jobid: 10
    output: ../data/processed/merged_author_df.csv
    shell:
        python scripts/get_merged_author_df.py ../data/interim/ieee_author_df.csv ../data/interim/openalex_author_df.csv ../data/processed/papers_to_study.txt ../data/raw/vispubdata.csv ../data/processed/merged_author_df.csv
        (one of the commands exited with non-zero exit code; note that snakemake uses bash strict mode!)

Shutting down, this might take some time.
Exiting because a job execution failed. Look above for error message
Complete log: /Users/hongtaoh/Desktop/github/32vis-NEW/workflow/.snakemake/log/2022-06-12T171315.873832.snakemake.log
