Building DAG of jobs...
Using shell: /bin/bash
Provided cores: 1 (use --cores to define parallelism)
Rules claiming more threads will be scaled down.
Job stats:
job                       count    min threads    max threads
----------------------  -------  -------------  -------------
all                           1              1              1
get_openalex_author_df        1              1              1
total                         2              1              1

Select jobs to execute...

[Sat Jan 22 11:47:13 2022]
rule get_openalex_author_df:
    input: ../data/processed/vispd_good_papers.txt, ../data/raw/vispubdata.csv
    output: ../data/processed/openalex_author_df.csv, ../data/interim/no_result_bad_doi_openalex_author_df.txt, ../data/interim/no_matching_doi_openalex_author_df.txt
    jobid: 5
    resources: tmpdir=/var/folders/z2/5kr96fyn63z_tj_bwr33t5dw0000gn/T

[Sat Jan 22 11:47:16 2022]
Error in rule get_openalex_author_df:
    jobid: 5
    output: ../data/processed/openalex_author_df.csv, ../data/interim/no_result_bad_doi_openalex_author_df.txt, ../data/interim/no_matching_doi_openalex_author_df.txt
    shell:
        python scripts/get_openalex_author_df.py ../data/processed/vispd_good_papers.txt ../data/raw/vispubdata.csv ../data/processed/openalex_author_df.csv ../data/interim/no_result_bad_doi_openalex_author_df.txt ../data/interim/no_matching_doi_openalex_author_df.txt
        (one of the commands exited with non-zero exit code; note that snakemake uses bash strict mode!)

Shutting down, this might take some time.
Exiting because a job execution failed. Look above for error message
Complete log: /Users/hongtaoh/Desktop/github/31vis/workflow/.snakemake/log/2022-01-22T114713.151205.snakemake.log
