Building DAG of jobs...
Using shell: /bin/bash
Provided cores: 1 (use --cores to define parallelism)
Rules claiming more threads will be scaled down.
Job stats:
job                    count    min threads    max threads
-------------------  -------  -------------  -------------
all                        1              1              1
get_openalex_papers        1              1              1
total                      2              1              1

Select jobs to execute...

[Fri Jan 14 16:23:09 2022]
rule get_openalex_papers:
    output: ../data/processed/openalex_papers.csv
    jobid: 5
    resources: tmpdir=/var/folders/z2/5kr96fyn63z_tj_bwr33t5dw0000gn/T

[Fri Jan 14 16:23:52 2022]
Error in rule get_openalex_papers:
    jobid: 5
    output: ../data/processed/openalex_papers.csv
    shell:
        python scripts/get_openalex_papers.py ../data/processed/openalex_papers.csv
        (one of the commands exited with non-zero exit code; note that snakemake uses bash strict mode!)

Shutting down, this might take some time.
Exiting because a job execution failed. Look above for error message
Complete log: /Users/hongtaoh/Desktop/github/31vis/workflow/.snakemake/log/2022-01-14T162309.218889.snakemake.log
