Building DAG of jobs...
Using shell: /bin/bash
Provided cores: 1 (use --cores to define parallelism)
Rules claiming more threads will be scaled down.
Job stats:
job           count    min threads    max threads
----------  -------  -------------  -------------
all               1              1              1
get_wos_id        1              1              1
total             2              1              1

Select jobs to execute...

[Thu Jan 13 10:27:00 2022]
rule get_wos_id:
    input: ../data/processed/good_dois.txt
    output: ../data/processed/doi_wos_id.csv
    jobid: 4
    resources: tmpdir=/var/folders/z2/5kr96fyn63z_tj_bwr33t5dw0000gn/T

[Thu Jan 13 10:27:00 2022]
Error in rule get_wos_id:
    jobid: 4
    output: ../data/processed/doi_wos_id.csv
    shell:
        python scripts/get_wos_id.py ../data/processed/good_dois.txt ../data/processed/doi_wos_id.csv
        (one of the commands exited with non-zero exit code; note that snakemake uses bash strict mode!)

Shutting down, this might take some time.
Exiting because a job execution failed. Look above for error message
Complete log: /Users/hongtaoh/Desktop/github/31vis/workflow/.snakemake/log/2022-01-13T102700.208221.snakemake.log
