Building DAG of jobs...
Using shell: /bin/bash
Provided cores: 1 (use --cores to define parallelism)
Rules claiming more threads will be scaled down.
Job stats:
job                                    count    min threads    max threads
-----------------------------------  -------  -------------  -------------
CLASS_country                              1              1              1
CLASS_type                                 1              1              1
all                                        1              1              1
get_HT_cleaned_author_df                   1              1              1
get_ht_cleaned_paper_df                    1              1              1
get_merged_author_df                       1              1              1
plot_data_author_chord_diagram_data        1              1              1
total                                      7              1              1

Select jobs to execute...

[Wed Jun 22 19:27:45 2022]
rule get_merged_author_df:
    input: ../data/interim/ieee_author_df.csv, ../data/interim/openalex_author_df.csv, ../data/processed/papers_to_study.txt, ../data/raw/vispubdata.csv
    output: ../data/processed/merged_author_df.csv
    jobid: 10
    priority: 19
    resources: tmpdir=/var/folders/z2/5kr96fyn63z_tj_bwr33t5dw0000gn/T

[Wed Jun 22 19:28:33 2022]
Finished job 10.
1 of 7 steps (14%) done
Select jobs to execute...

[Wed Jun 22 19:28:33 2022]
rule CLASS_country:
    input: ../data/processed/large/openalex_citation_author_df.csv, ../data/processed/openalex_reference_author_df_unique.csv, ../data/interim/openalex_author_df.csv, ../data/processed/merged_author_df.csv
    output: ../data/ht_class/merged_country_predicted.csv, ../data/ht_class/cntry_classification_report.txt
    jobid: 17
    resources: tmpdir=/var/folders/z2/5kr96fyn63z_tj_bwr33t5dw0000gn/T

Terminating processes on user request, this might take some time.
[Wed Jun 22 19:28:35 2022]
Error in rule CLASS_country:
    jobid: 17
    output: ../data/ht_class/merged_country_predicted.csv, ../data/ht_class/cntry_classification_report.txt
    shell:
        python scripts/CLASS_country.py ../data/processed/large/openalex_citation_author_df.csv ../data/processed/openalex_reference_author_df_unique.csv ../data/interim/openalex_author_df.csv ../data/processed/merged_author_df.csv ../data/ht_class/merged_country_predicted.csv ../data/ht_class/cntry_classification_report.txt
        (one of the commands exited with non-zero exit code; note that snakemake uses bash strict mode!)

Complete log: /Users/hongtaoh/Desktop/github/32visNEW/workflow/.snakemake/log/2022-06-22T192744.867720.snakemake.log
