Building DAG of jobs...
Using shell: /bin/bash
Provided cores: 1 (use --cores to define parallelism)
Rules claiming more threads will be scaled down.
Job stats:
job                          count    min threads    max threads
-------------------------  -------  -------------  -------------
all                              1              1              1
get_openalex_citation_dfs        1              1              1
total                            2              1              1

Select jobs to execute...

[Thu Jan 27 12:52:50 2022]
rule get_openalex_citation_dfs:
    input: ../data/interim/vispd_openalex_match_2.csv
    output: ../data/processed/openalex_citation_author_df.csv, ../data/processed/openalex_citation_concept_df.csv, ../data/processed/openalex_citation_paper_df.csv
    jobid: 7
    resources: tmpdir=/var/folders/z2/5kr96fyn63z_tj_bwr33t5dw0000gn/T

[Thu Jan 27 12:53:10 2022]
Finished job 7.
1 of 2 steps (50%) done
Select jobs to execute...

[Thu Jan 27 12:53:10 2022]
localrule all:
    input: ../data/processed/vispd_good_papers.txt, ../data/processed/openalex_papers.csv, ../data/interim/vispd_openalex_match_1.csv, ../data/interim/no_result_bad_doi_openalex_1.txt, ../data/interim/no_matching_doi_openalex_1.txt, ../data/interim/vispd_openalex_match_2.csv, ../data/interim/no_result_bad_doi_openalex_2.txt, ../data/interim/no_matching_doi_openalex_2.txt, ../data/processed/openalex_author_df.csv, ../data/interim/no_result_bad_doi_openalex_author_df.txt, ../data/interim/no_matching_doi_openalex_author_df.txt, ../data/processed/openalex_concept_df.csv, ../data/interim/no_result_bad_doi_openalex_cocept_df.txt, ../data/interim/no_matching_doi_openalex_concept_df.txt, ../data/processed/openalex_citation_author_df.csv, ../data/processed/openalex_citation_concept_df.csv, ../data/processed/openalex_citation_paper_df.csv
    jobid: 0
    resources: tmpdir=/var/folders/z2/5kr96fyn63z_tj_bwr33t5dw0000gn/T

[Thu Jan 27 12:53:10 2022]
Finished job 0.
2 of 2 steps (100%) done
Complete log: /Users/hongtaoh/Desktop/github/31vis/workflow/.snakemake/log/2022-01-27T125249.700216.snakemake.log
