Building DAG of jobs...
Using shell: /bin/bash
Provided cores: 1 (use --cores to define parallelism)
Rules claiming more threads will be scaled down.
Job stats:
job                                    count    min threads    max threads
-----------------------------------  -------  -------------  -------------
CLASS_country                              1              1              1
CLASS_type                                 1              1              1
all                                        1              1              1
get_HT_cleaned_author_df                   1              1              1
get_gscholar_data                          1              1              1
get_ht_cleaned_paper_df                    1              1              1
get_ieee_author_and_paper_title            1              1              1
get_merged_author_df                       1              1              1
get_openalex_citation_dfs                  1              1              1
get_openalex_dfs                           1              1              1
get_openalex_reference_dfs                 1              1              1
get_papers_to_study                        1              1              1
plot_data_author_chord_diagram_data        1              1              1
plot_sankey_data                           1              1              1
plot_top_concepts_trends                   1              1              1
plot_vis_concepts_cooccurance_data         1              1              1
scrape_award_papers                        1              1              1
total                                     17              1              1

Select jobs to execute...

[Sun Jun 12 16:04:45 2022]
rule get_papers_to_study:
    input: ../data/processed/vispd_plus_good_papers.txt
    output: ../data/processed/papers_to_study.txt
    jobid: 6
    priority: 50
    resources: tmpdir=/var/folders/z2/5kr96fyn63z_tj_bwr33t5dw0000gn/T

[Sun Jun 12 16:04:47 2022]
Finished job 6.
1 of 17 steps (6%) done
Select jobs to execute...

[Sun Jun 12 16:04:47 2022]
rule get_openalex_dfs:
    input: ../data/processed/papers_to_study.txt, ../data/processed/vispubdata_plus.csv
    output: ../data/processed/openalex_paper_df.csv, ../data/interim/openalex_author_df.csv, ../data/processed/openalex_concept_df.csv, ../data/processed/openalex_reference_df.csv, ../data/interim/checking/title_query_empty_doi_query_404_dfs.txt, ../data/interim/checking/title_query_404_dfs.txt, ../data/interim/checking/doi_query_404_dfs.txt
    jobid: 7
    priority: 40
    resources: tmpdir=/var/folders/z2/5kr96fyn63z_tj_bwr33t5dw0000gn/T

[Sun Jun 12 16:43:21 2022]
Finished job 7.
2 of 17 steps (12%) done
Select jobs to execute...

[Sun Jun 12 16:43:21 2022]
rule get_openalex_citation_dfs:
    input: ../data/processed/openalex_paper_df.csv
    output: ../data/processed/large/openalex_citation_author_df.csv, ../data/processed/large/openalex_citation_concept_df.csv, ../data/processed/openalex_citation_paper_df.csv
    jobid: 8
    priority: 30
    resources: tmpdir=/var/folders/z2/5kr96fyn63z_tj_bwr33t5dw0000gn/T

