Building DAG of jobs...
Using shell: /bin/bash
Provided cores: 1 (use --cores to define parallelism)
Rules claiming more threads will be scaled down.
Job stats:
job                 count    min threads    max threads
----------------  -------  -------------  -------------
all                     1              1              1
get_openalex_dfs        1              1              1
total                   2              1              1

Select jobs to execute...

[Sun Jan 30 11:29:13 2022]
rule get_openalex_dfs:
    input: ../data/processed/vispd_good_papers.txt, ../data/raw/vispubdata.csv
    output: ../data/processed/openalex_paper_df.csv, ../data/processed/openalex_author_df.csv, ../data/processed/openalex_concept_df.csv, ../data/interim/no_result_bad_doi_openalex_dfs.txt, ../data/interim/no_matching_doi_openalex_dfs.txt
    jobid: 4
    resources: tmpdir=/var/folders/z2/5kr96fyn63z_tj_bwr33t5dw0000gn/T

[Sun Jan 30 11:29:14 2022]
Error in rule get_openalex_dfs:
    jobid: 4
    output: ../data/processed/openalex_paper_df.csv, ../data/processed/openalex_author_df.csv, ../data/processed/openalex_concept_df.csv, ../data/interim/no_result_bad_doi_openalex_dfs.txt, ../data/interim/no_matching_doi_openalex_dfs.txt
    shell:
        python scripts/get_openalex_dfs.py ../data/processed/vispd_good_papers.txt ../data/raw/vispubdata.csv ../data/processed/openalex_paper_df.csv ../data/processed/openalex_author_df.csv ../data/processed/openalex_concept_df.csv ../data/interim/no_result_bad_doi_openalex_dfs.txt ../data/interim/no_matching_doi_openalex_dfs.txt
        (one of the commands exited with non-zero exit code; note that snakemake uses bash strict mode!)

Shutting down, this might take some time.
Exiting because a job execution failed. Look above for error message
Complete log: /Users/hongtaoh/Desktop/github/31vis/workflow/.snakemake/log/2022-01-30T112913.527308.snakemake.log
6fyn63z_tj_bwr33t5dw0000gn/T

[Sun Jan 30 10:14:23 2022]
Finished job 0.
2 of 2 steps (100%) done
Complete log: /Users/hongtaoh/Desktop/github/31vis/workflow/.snakemake/log/2022-01-30T101355.221227.snakemake.l