Building DAG of jobs...
Using shell: /bin/bash
Provided cores: 1 (use --cores to define parallelism)
Rules claiming more threads will be scaled down.
Job stats:
job                         count    min threads    max threads
------------------------  -------  -------------  -------------
all                             1              1              1
get_vispd_good_dois             1              1              1
get_vispd_openalex_match        1              1              1
total                           3              1              1

Select jobs to execute...

[Sun Jan 16 10:28:26 2022]
rule get_vispd_good_dois:
    input: ../data/raw/vispubdata.csv
    output: ../data/processed/vispd_good_dois.txt
    jobid: 1
    resources: tmpdir=/var/folders/z2/5kr96fyn63z_tj_bwr33t5dw0000gn/T

[Sun Jan 16 10:28:28 2022]
Finished job 1.
1 of 3 steps (33%) done
Select jobs to execute...

[Sun Jan 16 10:28:28 2022]
rule get_vispd_openalex_match:
    input: ../data/processed/vispd_good_dois.txt, ../data/raw/vispubdata.csv
    output: ../data/processed/vispd_openalex_match.csv
    jobid: 3
    resources: tmpdir=/var/folders/z2/5kr96fyn63z_tj_bwr33t5dw0000gn/T

[Sun Jan 16 10:28:28 2022]
Error in rule get_vispd_openalex_match:
    jobid: 3
    output: ../data/processed/vispd_openalex_match.csv
    shell:
        python scripts/get_vispd_openalex_match.py ../data/processed/vispd_good_dois.txt ../data/raw/vispubdata.csv ../data/processed/vispd_openalex_match.csv
        (one of the commands exited with non-zero exit code; note that snakemake uses bash strict mode!)

Shutting down, this might take some time.
Exiting because a job execution failed. Look above for error message
Complete log: /Users/hongtaoh/Desktop/github/31vis/workflow/.snakemake/log/2022-01-16T102826.606281.snakemake.log
