Building DAG of jobs...
Using shell: /bin/bash
Provided cores: 1 (use --cores to define parallelism)
Rules claiming more threads will be scaled down.
Job stats:
job                                    count    min threads    max threads
-----------------------------------  -------  -------------  -------------
all                                        1              1              1
get_HT_cleaned_author_df                   1              1              1
get_ht_cleaned_paper_df                    1              1              1
plot_data_author_chord_diagram_data        1              1              1
total                                      4              1              1

Select jobs to execute...

[Mon Jun 20 21:39:52 2022]
rule get_HT_cleaned_author_df:
    input: ../data/ht_class/merged_country_predicted.csv, ../data/ht_class/merged_aff_type_predicted.csv
    output: ../data/ht_class/ht_cleaned_author_df.csv
    jobid: 16
    resources: tmpdir=/var/folders/z2/5kr96fyn63z_tj_bwr33t5dw0000gn/T

[Mon Jun 20 21:39:54 2022]
Finished job 16.
1 of 4 steps (25%) done
Select jobs to execute...

[Mon Jun 20 21:39:54 2022]
rule get_ht_cleaned_paper_df:
    input: ../data/processed/papers_to_study.txt, ../data/processed/vispubdata_plus.csv, ../data/processed/openalex_paper_df.csv, ../data/ht_class/ht_cleaned_author_df.csv, ../data/processed/gscholar_data.csv, ../data/interim/award_paper_df.csv
    output: ../data/ht_class/ht_cleaned_paper_df.csv
    jobid: 22
    resources: tmpdir=/var/folders/z2/5kr96fyn63z_tj_bwr33t5dw0000gn/T

[Mon Jun 20 21:40:04 2022]
Finished job 22.
2 of 4 steps (50%) done
Select jobs to execute...

[Mon Jun 20 21:40:04 2022]
rule plot_data_author_chord_diagram_data:
    input: ../data/ht_class/ht_cleaned_author_df.csv
    output: ../data/plots/author_cord/author_chord_df.csv, ../data/plots/author_cord/ts_author_chord_df.csv
    jobid: 15
    resources: tmpdir=/var/folders/z2/5kr96fyn63z_tj_bwr33t5dw0000gn/T

[Mon Jun 20 21:40:05 2022]
Finished job 15.
3 of 4 steps (75%) done
Select jobs to execute...

[Mon Jun 20 21:40:05 2022]
localrule all:
    input: ../data/processed/titles_2021.csv, ../data/processed/dois_2021.csv, ../data/processed/vispubdata_plus.csv, ../data/processed/vispd_plus_good_papers.txt, ../data/interim/vispd_openalex_match_1.csv, ../data/interim/checking/title_query_empty_doi_query_404_1.txt, ../data/interim/checking/title_query_404_1.txt, ../data/interim/checking/title_query_empty_doi_query_404_2.txt, ../data/interim/checking/title_query_404_2.txt, ../data/interim/checking/doi_query_404_2.txt, ../data/processed/papers_to_study.txt, ../data/processed/openalex_paper_df.csv, ../data/interim/openalex_author_df.csv, ../data/processed/openalex_concept_df.csv, ../data/processed/openalex_reference_df.csv, ../data/interim/checking/title_query_empty_doi_query_404_dfs.txt, ../data/interim/checking/title_query_404_dfs.txt, ../data/interim/checking/doi_query_404_dfs.txt, ../data/processed/large/openalex_citation_author_df.csv, ../data/processed/large/openalex_citation_concept_df.csv, ../data/processed/openalex_citation_paper_df.csv, ../data/processed/ieee_paper_df.csv, ../data/interim/ieee_author_df.csv, ../data/interim/checking/ieee_scraping_problem_dois.txt, ../data/processed/merged_author_df.csv, ../data/processed/openalex_reference_paper_df.csv, ../data/processed/large/openalex_reference_author_df.csv, ../data/processed/large/openalex_reference_concept_df.csv, ../data/processed/openalex_reference_paper_df_unique.csv, ../data/processed/openalex_reference_author_df_unique.csv, ../data/processed/openalex_reference_concept_df_unique.csv, ../data/processed/gscholar_data.csv, ../data/interim/award_paper_df.csv, ../data/interim/methods_reporting/wos_id.csv, ../data/plots/author_cord/author_chord_df.csv, ../data/plots/author_cord/ts_author_chord_df.csv, ../data/plots/co_occurrance/aggregated_cooccurance_df.csv, ../data/plots/co_occurrance/ts_aggregated_cooccurance_df.csv, ../data/plots/top_concepts_trends_df.csv, ../data/plots/sankey/sankey_aggregated_df.csv, ../data/plots/sankey/sankey_ts_df.csv, ../data/ht_class/merged_country_predicted.csv, ../data/ht_class/merged_aff_type_predicted.csv, ../data/ht_class/ht_cleaned_author_df.csv, ../data/ht_class/ht_cleaned_paper_df.csv
    jobid: 0
    resources: tmpdir=/var/folders/z2/5kr96fyn63z_tj_bwr33t5dw0000gn/T

[Mon Jun 20 21:40:05 2022]
Finished job 0.
4 of 4 steps (100%) done
Complete log: /Users/hongtaoh/Desktop/github/32visNEW/workflow/.snakemake/log/2022-06-20T213951.758203.snakemake.log
