Building DAG of jobs...
Using shell: /bin/bash
Provided cores: 1 (use --cores to define parallelism)
Rules claiming more threads will be scaled down.
Job stats:
job                           count    min threads    max threads
--------------------------  -------  -------------  -------------
all                               1              1              1
get_openalex_citation_dfs         1              1              1
get_vispd_openalex_match_2        1              1              1
total                             3              1              1

Select jobs to execute...

[Wed Jan 26 08:11:31 2022]
rule get_vispd_openalex_match_2:
    input: ../data/processed/vispd_good_papers.txt, ../data/raw/vispubdata.csv
    output: ../data/interim/vispd_openalex_match_2.csv, ../data/interim/no_result_bad_doi_openalex_2.txt, ../data/interim/no_matching_doi_openalex_2.txt
    jobid: 4
    resources: tmpdir=/var/folders/z2/5kr96fyn63z_tj_bwr33t5dw0000gn/T

[Wed Jan 26 08:58:32 2022]
Finished job 4.
1 of 3 steps (33%) done
Select jobs to execute...

[Wed Jan 26 08:58:32 2022]
rule get_openalex_citation_dfs:
    input: ../data/interim/vispd_openalex_match_2.csv
    output: ../data/processed/openalex_citation_author_df.csv, ../data/processed/openalex_citation_concept_df.csv, ../data/processed/openalex_citation_paper_df.csv
    jobid: 7
    resources: tmpdir=/var/folders/z2/5kr96fyn63z_tj_bwr33t5dw0000gn/T

[Wed Jan 26 09:17:03 2022]
Error in rule get_openalex_citation_dfs:
    jobid: 7
    output: ../data/processed/openalex_citation_author_df.csv, ../data/processed/openalex_citation_concept_df.csv, ../data/processed/openalex_citation_paper_df.csv
    shell:
        python scripts/get_openalex_citation_dfs.py ../data/interim/vispd_openalex_match_2.csv ../data/processed/openalex_citation_author_df.csv ../data/processed/openalex_citation_concept_df.csv ../data/processed/openalex_citation_paper_df.csv
        (one of the commands exited with non-zero exit code; note that snakemake uses bash strict mode!)

Shutting down, this might take some time.
Exiting because a job execution failed. Look above for error message
Complete log: /Users/hongtaoh/Desktop/github/31vis/workflow/.snakemake/log/2022-01-26T081131.221891.snakemake.log
