Building DAG of jobs...
Using shell: /bin/bash
Provided cores: 1 (use --cores to define parallelism)
Rules claiming more threads will be scaled down.
Job stats:
job                          count    min threads    max threads
-------------------------  -------  -------------  -------------
all                              1              1              1
get_openalex_citation_dfs        1              1              1
total                            2              1              1

Select jobs to execute...

[Tue Jan 25 09:56:18 2022]
rule get_openalex_citation_dfs:
    input: ../data/processed/vispd_good_papers.txt
    output: ../data/processed/openalex_citation_author_df.csv, ../data/processed/openalex_citation_concept_df.csv, ../data/processed/openalex_citation_paper_df.csv
    jobid: 7
    resources: tmpdir=/var/folders/z2/5kr96fyn63z_tj_bwr33t5dw0000gn/T

[Tue Jan 25 09:56:19 2022]
Error in rule get_openalex_citation_dfs:
    jobid: 7
    output: ../data/processed/openalex_citation_author_df.csv, ../data/processed/openalex_citation_concept_df.csv, ../data/processed/openalex_citation_paper_df.csv
    shell:
        python scripts/get_openalex_citation_dfs.py ../data/processed/vispd_good_papers.txt ../data/processed/openalex_citation_author_df.csv ../data/processed/openalex_citation_concept_df.csv ../data/processed/openalex_citation_paper_df.csv
        (one of the commands exited with non-zero exit code; note that snakemake uses bash strict mode!)

Shutting down, this might take some time.
Exiting because a job execution failed. Look above for error message
Complete log: /Users/hongtaoh/Desktop/github/31vis/workflow/.snakemake/log/2022-01-25T095618.402735.snakemake.log
