Building DAG of jobs...
Using shell: /bin/bash
Provided cores: 1 (use --cores to define parallelism)
Rules claiming more threads will be scaled down.
Job stats:
job                                    count    min threads    max threads
-----------------------------------  -------  -------------  -------------
CLASS_country                              1              1              1
CLASS_type                                 1              1              1
all                                        1              1              1
get_HT_cleaned_author_df                   1              1              1
get_gscholar_data                          1              1              1
get_ht_cleaned_paper_df                    1              1              1
get_ieee_author_and_paper_title            1              1              1
get_merged_author_df                       1              1              1
get_openalex_citation_dfs                  1              1              1
get_openalex_dfs                           1              1              1
get_openalex_reference_dfs                 1              1              1
get_papers_to_study                        1              1              1
get_vispd_openalex_match_1                 1              1              1
get_vispd_openalex_match_2                 1              1              1
get_vispd_plus                             1              1              1
get_vispd_plus_good_papers                 1              1              1
get_wos_id                                 1              1              1
plot_data_author_chord_diagram_data        1              1              1
plot_sankey_data                           1              1              1
plot_top_concepts_trends                   1              1              1
plot_vis_concepts_cooccurance_data         1              1              1
scrape_award_papers                        1              1              1
total                                     22              1              1

Select jobs to execute...

[Thu Jun 23 22:41:43 2022]
rule get_vispd_plus:
    input: ../data/raw/dois_2021.csv, ../data/raw/vispubdata.csv
    output: ../data/processed/vispubdata_plus.csv
    jobid: 2
    priority: 90
    resources: tmpdir=/var/folders/z2/5kr96fyn63z_tj_bwr33t5dw0000gn/T

[Thu Jun 23 22:41:44 2022]
Finished job 2.
1 of 22 steps (5%) done
Select jobs to execute...

[Thu Jun 23 22:41:44 2022]
rule get_vispd_plus_good_papers:
    input: ../data/processed/vispubdata_plus.csv
    output: ../data/processed/vispd_plus_good_papers.txt
    jobid: 3
    priority: 80
    resources: tmpdir=/var/folders/z2/5kr96fyn63z_tj_bwr33t5dw0000gn/T

[Thu Jun 23 22:41:45 2022]
Finished job 3.
2 of 22 steps (9%) done
Select jobs to execute...

[Thu Jun 23 22:41:45 2022]
rule get_vispd_openalex_match_1:
    input: ../data/processed/vispd_plus_good_papers.txt, ../data/processed/vispubdata_plus.csv
    output: ../data/interim/vispd_openalex_match_1.csv, ../data/interim/checking/title_query_empty_doi_query_404_1.txt, ../data/interim/checking/title_query_404_1.txt
    jobid: 4
    priority: 70
    resources: tmpdir=/var/folders/z2/5kr96fyn63z_tj_bwr33t5dw0000gn/T

[Thu Jun 23 23:19:19 2022]
Finished job 4.
3 of 22 steps (14%) done
Select jobs to execute...

[Thu Jun 23 23:19:19 2022]
rule get_vispd_openalex_match_2:
    input: ../data/processed/vispd_plus_good_papers.txt, ../data/processed/vispubdata_plus.csv
    output: ../data/interim/vispd_openalex_match_2.csv, ../data/interim/checking/title_query_empty_doi_query_404_2.txt, ../data/interim/checking/title_query_404_2.txt, ../data/interim/checking/doi_query_404_2.txt
    jobid: 5
    priority: 60
    resources: tmpdir=/var/folders/z2/5kr96fyn63z_tj_bwr33t5dw0000gn/T

[Thu Jun 23 23:56:38 2022]
Finished job 5.
4 of 22 steps (18%) done
Select jobs to execute...

[Thu Jun 23 23:56:38 2022]
rule get_papers_to_study:
    input: ../data/processed/vispd_plus_good_papers.txt
    output: ../data/processed/papers_to_study.txt
    jobid: 6
    priority: 50
    resources: tmpdir=/var/folders/z2/5kr96fyn63z_tj_bwr33t5dw0000gn/T

[Thu Jun 23 23:56:41 2022]
Finished job 6.
5 of 22 steps (23%) done
Select jobs to execute...

[Thu Jun 23 23:56:41 2022]
rule get_openalex_dfs:
    input: ../data/processed/papers_to_study.txt, ../data/processed/vispubdata_plus.csv
    output: ../data/processed/openalex_paper_df.csv, ../data/interim/openalex_author_df.csv, ../data/processed/openalex_concept_df.csv, ../data/processed/openalex_reference_df.csv, ../data/interim/checking/title_query_empty_doi_query_404_dfs.txt, ../data/interim/checking/title_query_404_dfs.txt, ../data/interim/checking/doi_query_404_dfs.txt
    jobid: 7
    priority: 40
    resources: tmpdir=/var/folders/z2/5kr96fyn63z_tj_bwr33t5dw0000gn/T

[Fri Jun 24 00:34:08 2022]
Finished job 7.
6 of 22 steps (27%) done
Select jobs to execute...

[Fri Jun 24 00:34:08 2022]
rule get_openalex_citation_dfs:
    input: ../data/processed/openalex_paper_df.csv
    output: ../data/processed/large/openalex_citation_author_df.csv, ../data/processed/large/openalex_citation_concept_df.csv, ../data/processed/openalex_citation_paper_df.csv
    jobid: 8
    priority: 30
    resources: tmpdir=/var/folders/z2/5kr96fyn63z_tj_bwr33t5dw0000gn/T

[Fri Jun 24 02:33:17 2022]
Finished job 8.
7 of 22 steps (32%) done
Select jobs to execute...

[Fri Jun 24 02:33:17 2022]
rule get_ieee_author_and_paper_title:
    input: ../data/processed/papers_to_study.txt, ../data/processed/vispubdata_plus.csv
    output: ../data/interim/ieee_author_df.csv, ../data/processed/ieee_paper_df.csv, ../data/interim/checking/ieee_scraping_problem_dois.txt
    jobid: 9
    priority: 20
    resources: tmpdir=/var/folders/z2/5kr96fyn63z_tj_bwr33t5dw0000gn/T

[Fri Jun 24 02:34:01 2022]
Error in rule get_ieee_author_and_paper_title:
    jobid: 9
    output: ../data/interim/ieee_author_df.csv, ../data/processed/ieee_paper_df.csv, ../data/interim/checking/ieee_scraping_problem_dois.txt
    shell:
        python scripts/get_ieee_author_and_paper_title.py ../data/processed/papers_to_study.txt ../data/processed/vispubdata_plus.csv ../data/interim/ieee_author_df.csv ../data/processed/ieee_paper_df.csv ../data/interim/checking/ieee_scraping_problem_dois.txt
        (one of the commands exited with non-zero exit code; note that snakemake uses bash strict mode!)

Shutting down, this might take some time.
Exiting because a job execution failed. Look above for error message
Complete log: /Users/hongtaoh/Desktop/github/32visNEW/workflow/.snakemake/log/2022-06-23T224143.648835.snakemake.log
