Building DAG of jobs...
Using shell: /bin/bash
Provided cores: 1 (use --cores to define parallelism)
Rules claiming more threads will be scaled down.
Job stats:
job                   count    min threads    max threads
------------------  -------  -------------  -------------
sample_ieee_untidy        1              1              1
total                     1              1              1

Select jobs to execute...

[Tue Jan  4 16:07:59 2022]
rule sample_ieee_untidy:
    output: ../data/interim/sample_ieee_untidy.csv
    jobid: 0
    resources: tmpdir=/var/folders/z2/5kr96fyn63z_tj_bwr33t5dw0000gn/T

[Tue Jan  4 16:08:06 2022]
Error in rule sample_ieee_untidy:
    jobid: 0
    output: ../data/interim/sample_ieee_untidy.csv
    shell:
        python scripts/sample_ieee_untidy.py ../data/interim/sample_ieee_untidy.csv
        (one of the commands exited with non-zero exit code; note that snakemake uses bash strict mode!)

Shutting down, this might take some time.
Exiting because a job execution failed. Look above for error message
Complete log: /Users/hongtaoh/Desktop/github/31vis/workflow/.snakemake/log/2022-01-04T160759.230537.snakemake.log
