Building DAG of jobs...
Using shell: /bin/bash
Provided cores: 1 (use --cores to define parallelism)
Rules claiming more threads will be scaled down.
Job stats:
job                         count    min threads    max threads
------------------------  -------  -------------  -------------
all                             1              1              1
get_vispd_openalex_match        1              1              1
total                           2              1              1

Select jobs to execute...

[Sun Jan 16 10:29:38 2022]
rule get_vispd_openalex_match:
    input: ../data/processed/vispd_good_dois.txt, ../data/raw/vispubdata.csv
    output: ../data/processed/vispd_openalex_match.csv
    jobid: 3
    resources: tmpdir=/var/folders/z2/5kr96fyn63z_tj_bwr33t5dw0000gn/T

[Sun Jan 16 10:33:14 2022]
Finished job 3.
1 of 2 steps (50%) done
Select jobs to execute...

[Sun Jan 16 10:33:14 2022]
localrule all:
    input: ../data/processed/vispd_good_dois.txt, ../data/processed/openalex_papers.csv, ../data/processed/vispd_openalex_match.csv
    jobid: 0
    resources: tmpdir=/var/folders/z2/5kr96fyn63z_tj_bwr33t5dw0000gn/T

[Sun Jan 16 10:33:14 2022]
Finished job 0.
2 of 2 steps (100%) done
Complete log: /Users/hongtaoh/Desktop/github/31vis/workflow/.snakemake/log/2022-01-16T102938.805586.snakemake.log
