Building DAG of jobs...
Using shell: /bin/bash
Provided cores: 1 (use --cores to define parallelism)
Rules claiming more threads will be scaled down.
Job stats:
job                                    count    min threads    max threads
-----------------------------------  -------  -------------  -------------
CLASS_country                              1              1              1
CLASS_type                                 1              1              1
all                                        1              1              1
get_HT_cleaned_author_df                   1              1              1
get_gscholar_data                          1              1              1
get_ht_cleaned_paper_df                    1              1              1
get_wos_id                                 1              1              1
plot_data_author_chord_diagram_data        1              1              1
plot_sankey_data                           1              1              1
plot_top_concepts_trends                   1              1              1
plot_vis_concepts_cooccurance_data         1              1              1
total                                     11              1              1

Select jobs to execute...

[Sun Jun 19 17:47:34 2022]
rule get_gscholar_data:
    input: ../data/processed/papers_to_study.txt, ../data/processed/ieee_paper_df.csv
    output: ../data/processed/gscholar_data.csv
    jobid: 12
    priority: 9
    resources: tmpdir=/var/folders/z2/5kr96fyn63z_tj_bwr33t5dw0000gn/T

Terminating processes on user request, this might take some time.
[Sun Jun 19 17:47:39 2022]
Error in rule get_gscholar_data:
    jobid: 12
    output: ../data/processed/gscholar_data.csv
    shell:
        python scripts/get_gscholar_data.py ../data/processed/papers_to_study.txt ../data/processed/ieee_paper_df.csv ../data/processed/gscholar_data.csv
        (one of the commands exited with non-zero exit code; note that snakemake uses bash strict mode!)

Complete log: /Users/hongtaoh/Desktop/github/32vis_new/workflow/.snakemake/log/2022-06-19T174733.574816.snakemake.log
