Building DAG of jobs...
Using shell: /bin/bash
Provided cores: 1 (use --cores to define parallelism)
Rules claiming more threads will be scaled down.
Job stats:
job                                    count    min threads    max threads
-----------------------------------  -------  -------------  -------------
CLASS_country                              1              1              1
CLASS_type                                 1              1              1
all                                        1              1              1
get_HT_cleaned_author_df                   1              1              1
get_gscholar_data                          1              1              1
get_ht_cleaned_paper_df                    1              1              1
get_ieee_author_and_paper_title            1              1              1
get_merged_author_df                       1              1              1
get_openalex_reference_dfs                 1              1              1
get_wos_id                                 1              1              1
plot_data_author_chord_diagram_data        1              1              1
plot_sankey_data                           1              1              1
plot_top_concepts_trends                   1              1              1
plot_vis_concepts_cooccurance_data         1              1              1
scrape_award_papers                        1              1              1
total                                     15              1              1

Select jobs to execute...

[Fri Jun 24 08:15:07 2022]
rule get_ieee_author_and_paper_title:
    input: ../data/processed/papers_to_study.txt, ../data/processed/vispubdata_plus.csv
    output: ../data/interim/ieee_author_df.csv, ../data/processed/ieee_paper_df.csv, ../data/interim/checking/ieee_scraping_problem_dois.txt
    jobid: 9
    priority: 20
    resources: tmpdir=/var/folders/z2/5kr96fyn63z_tj_bwr33t5dw0000gn/T

[Fri Jun 24 09:34:51 2022]
Finished job 9.
1 of 15 steps (7%) done
Select jobs to execute...

[Fri Jun 24 09:34:51 2022]
rule get_merged_author_df:
    input: ../data/interim/ieee_author_df.csv, ../data/interim/openalex_author_df.csv, ../data/processed/papers_to_study.txt, ../data/raw/vispubdata.csv
    output: ../data/processed/merged_author_df.csv
    jobid: 10
    priority: 19
    resources: tmpdir=/var/folders/z2/5kr96fyn63z_tj_bwr33t5dw0000gn/T

[Fri Jun 24 09:35:35 2022]
Finished job 10.
2 of 15 steps (13%) done
Select jobs to execute...

[Fri Jun 24 09:35:35 2022]
rule get_openalex_reference_dfs:
    input: ../data/processed/openalex_reference_df.csv
    output: ../data/processed/openalex_reference_paper_df_unique.csv, ../data/processed/openalex_reference_author_df_unique.csv, ../data/processed/openalex_reference_concept_df_unique.csv, ../data/processed/openalex_reference_paper_df.csv, ../data/processed/large/openalex_reference_author_df.csv, ../data/processed/large/openalex_reference_concept_df.csv, ../data/processed/openalex_reference_error_df.csv
    jobid: 11
    priority: 18
    resources: tmpdir=/var/folders/z2/5kr96fyn63z_tj_bwr33t5dw0000gn/T

[Fri Jun 24 12:08:11 2022]
Error in rule get_openalex_reference_dfs:
    jobid: 11
    output: ../data/processed/openalex_reference_paper_df_unique.csv, ../data/processed/openalex_reference_author_df_unique.csv, ../data/processed/openalex_reference_concept_df_unique.csv, ../data/processed/openalex_reference_paper_df.csv, ../data/processed/large/openalex_reference_author_df.csv, ../data/processed/large/openalex_reference_concept_df.csv, ../data/processed/openalex_reference_error_df.csv
    shell:
        python scripts/get_openalex_reference_dfs.py ../data/processed/openalex_reference_df.csv ../data/processed/openalex_reference_paper_df_unique.csv ../data/processed/openalex_reference_author_df_unique.csv ../data/processed/openalex_reference_concept_df_unique.csv ../data/processed/openalex_reference_paper_df.csv ../data/processed/large/openalex_reference_author_df.csv ../data/processed/large/openalex_reference_concept_df.csv ../data/processed/openalex_reference_error_df.csv
        (one of the commands exited with non-zero exit code; note that snakemake uses bash strict mode!)

Shutting down, this might take some time.
Exiting because a job execution failed. Look above for error message
Complete log: /Users/hongtaoh/Desktop/github/32visNEW/workflow/.snakemake/log/2022-06-24T081506.365496.snakemake.log
