Building DAG of jobs...
Using shell: /bin/bash
Provided cores: 1 (use --cores to define parallelism)
Rules claiming more threads will be scaled down.
Job stats:
job                                    count    min threads    max threads
-----------------------------------  -------  -------------  -------------
CLASS_country                              1              1              1
CLASS_type                                 1              1              1
all                                        1              1              1
get_HT_cleaned_author_df                   1              1              1
get_gscholar_data                          1              1              1
get_ht_cleaned_paper_df                    1              1              1
get_merged_author_df                       1              1              1
get_openalex_reference_dfs                 1              1              1
plot_data_author_chord_diagram_data        1              1              1
plot_sankey_data                           1              1              1
plot_top_concepts_trends                   1              1              1
plot_vis_concepts_cooccurance_data         1              1              1
scrape_award_papers                        1              1              1
total                                     13              1              1

Select jobs to execute...

[Mon Jun 13 16:43:08 2022]
rule get_merged_author_df:
    input: ../data/interim/ieee_author_df.csv, ../data/interim/openalex_author_df.csv, ../data/processed/papers_to_study.txt, ../data/raw/vispubdata.csv
    output: ../data/processed/merged_author_df.csv
    jobid: 10
    priority: 19
    resources: tmpdir=/var/folders/z2/5kr96fyn63z_tj_bwr33t5dw0000gn/T

[Mon Jun 13 16:43:46 2022]
Finished job 10.
1 of 13 steps (8%) done
Select jobs to execute...

[Mon Jun 13 16:43:46 2022]
rule get_openalex_reference_dfs:
    input: ../data/processed/openalex_reference_df.csv
    output: ../data/processed/openalex_reference_paper_df_unique.csv, ../data/processed/openalex_reference_author_df_unique.csv, ../data/processed/openalex_reference_concept_df_unique.csv, ../data/processed/openalex_reference_paper_df.csv, ../data/processed/large/openalex_reference_author_df.csv, ../data/processed/large/openalex_reference_concept_df.csv, ../data/processed/openalex_reference_error_df.csv
    jobid: 11
    priority: 18
    resources: tmpdir=/var/folders/z2/5kr96fyn63z_tj_bwr33t5dw0000gn/T

[Tue Jun 14 00:45:45 2022]
Finished job 11.
2 of 13 steps (15%) done
Select jobs to execute...

[Tue Jun 14 00:45:45 2022]
rule scrape_award_papers:
    input: ../data/interim/ieee_author_df.csv
    output: ../data/interim/award_paper_df.csv
    jobid: 13
    priority: 10
    resources: tmpdir=/var/folders/z2/5kr96fyn63z_tj_bwr33t5dw0000gn/T

[Tue Jun 14 00:45:52 2022]
Finished job 13.
3 of 13 steps (23%) done
Select jobs to execute...

[Tue Jun 14 00:45:52 2022]
rule get_gscholar_data:
    input: ../data/processed/papers_to_study.txt, ../data/processed/ieee_paper_df.csv
    output: ../data/processed/gscholar_data.csv
    jobid: 12
    priority: 9
    resources: tmpdir=/var/folders/z2/5kr96fyn63z_tj_bwr33t5dw0000gn/T

[Tue Jun 14 00:47:42 2022]
Error in rule get_gscholar_data:
    jobid: 12
    output: ../data/processed/gscholar_data.csv
    shell:
        python scripts/get_gscholar_data.py ../data/processed/papers_to_study.txt ../data/processed/ieee_paper_df.csv ../data/processed/gscholar_data.csv
        (one of the commands exited with non-zero exit code; note that snakemake uses bash strict mode!)

Shutting down, this might take some time.
Exiting because a job execution failed. Look above for error message
Complete log: /Users/hongtaoh/Desktop/github/32vis-NEW/workflow/.snakemake/log/2022-06-13T164307.836771.snakemake.log
