Building DAG of jobs...
Using shell: /bin/bash
Provided cores: 1 (use --cores to define parallelism)
Rules claiming more threads will be scaled down.
Job stats:
job      count    min threads    max threads
-----  -------  -------------  -------------
all          1              1              1
total        1              1              1

Select jobs to execute...

[Tue Jan  4 15:46:19 2022]
localrule all:
    output: ../data/interim/sample_ieee_untidy.csv, ../data/interim/sample_ieee_author_tidy.csv, ../data/interim/sample_ieee_pubdate_tidy.csv
    jobid: 0
    resources: tmpdir=/var/folders/z2/5kr96fyn63z_tj_bwr33t5dw0000gn/T

Waiting at most 5 seconds for missing files.
MissingOutputException in line 25 of /Users/hongtaoh/Desktop/github/31vis/workflow/Snakefile:
Job Missing files after 5 seconds:
../data/interim/sample_ieee_untidy.csv
../data/interim/sample_ieee_author_tidy.csv
../data/interim/sample_ieee_pubdate_tidy.csv
This might be due to filesystem latency. If that is the case, consider to increase the wait time with --latency-wait.
Job id: 0 completed successfully, but some output files are missing. 0
Shutting down, this might take some time.
Exiting because a job execution failed. Look above for error message
Complete log: /Users/hongtaoh/Desktop/github/31vis/workflow/.snakemake/log/2022-01-04T154619.148530.snakemake.log
