Building DAG of jobs...
Using shell: /bin/bash
Provided cores: 1 (use --cores to define parallelism)
Rules claiming more threads will be scaled down.
Job stats:
job                           count    min threads    max threads
--------------------------  -------  -------------  -------------
all                               1              1              1
get_vispd_openalex_match_2        1              1              1
total                             2              1              1

Select jobs to execute...

[Sat Jan 22 07:36:23 2022]
rule get_vispd_openalex_match_2:
    input: ../data/processed/vispd_good_papers.txt, ../data/raw/vispubdata.csv
    output: ../data/interim/vispd_openalex_match_2.csv, ../data/interim/no_result_bad_doi_openalex_2.txt, ../data/interim/no_matching_doi_openalex_2.txt
    jobid: 4
    resources: tmpdir=/var/folders/z2/5kr96fyn63z_tj_bwr33t5dw0000gn/T

[Sat Jan 22 07:41:35 2022]
Error in rule get_vispd_openalex_match_2:
    jobid: 4
    output: ../data/interim/vispd_openalex_match_2.csv, ../data/interim/no_result_bad_doi_openalex_2.txt, ../data/interim/no_matching_doi_openalex_2.txt
    shell:
        python scripts/get_vispd_openalex_match_2.py ../data/processed/vispd_good_papers.txt ../data/raw/vispubdata.csv ../data/interim/vispd_openalex_match_2.csv ../data/interim/no_result_bad_doi_openalex_2.txt ../data/interim/no_matching_doi_openalex_2.txt
        (one of the commands exited with non-zero exit code; note that snakemake uses bash strict mode!)

Shutting down, this might take some time.
Exiting because a job execution failed. Look above for error message
Complete log: /Users/hongtaoh/Desktop/github/31vis/workflow/.snakemake/log/2022-01-22T073622.380781.snakemake.log
